<?xml version="1.0" encoding="UTF-8"?>
<!-- Generated by org.testng.reporters.JUnitReportReporter -->
<testsuite hostname="DESKTOP-923U6TU" failures="0" tests="1" name="Test01_GET" time="2.131" errors="0" timestamp="2020-11-04T19:08:18 CET" skipped="0">
  <testcase classname="Test01_GET" name="test_01" time="2.131"/>
  <system-out/>
</testsuite> <!-- Test01_GET -->
